<?xml version="1.0" encoding="UTF-8"?>
<testsuite name="UnitTestEdgeNode" tests="4" skipped="0" failures="0" errors="0" timestamp="2021-10-17T16:32:06" hostname="HangdeMacBook-Air.local" time="0.007">
  <properties/>
  <testcase name="testGetLabel" classname="UnitTestEdgeNode" time="0.004"/>
  <testcase name="testGetValue" classname="UnitTestEdgeNode" time="0.0"/>
  <testcase name="testToString" classname="UnitTestEdgeNode" time="0.002"/>
  <testcase name="testSetValue" classname="UnitTestEdgeNode" time="0.0"/>
  <system-out><![CDATA[]]></system-out>
  <system-err><![CDATA[]]></system-err>
</testsuite>
